Determining if the pthread_create exist failed with the following output:
Change Dir: /home/aaron/CLionProjects/interfaz_Procesos/cmake-build-debug/CMakeFiles/CMakeTmp

Run Build Command:"/usr/bin/make" "cmTC_6b303/fast"
make[1]: Entering directory '/home/aaron/CLionProjects/interfaz_Procesos/cmake-build-debug/CMakeFiles/CMakeTmp'
/usr/bin/make -f CMakeFiles/cmTC_6b303.dir/build.make CMakeFiles/cmTC_6b303.dir/build
make[2]: Entering directory '/home/aaron/CLionProjects/interfaz_Procesos/cmake-build-debug/CMakeFiles/CMakeTmp'
Building C object CMakeFiles/cmTC_6b303.dir/CheckSymbolExists.c.o
/usr/bin/cc    -o CMakeFiles/cmTC_6b303.dir/CheckSymbolExists.c.o   -c /home/aaron/CLionProjects/interfaz_Procesos/cmake-build-debug/CMakeFiles/CMakeTmp/CheckSymbolExists.c
Linking C executable cmTC_6b303
/snap/clion/67/bin/cmake/linux/bin/cmake -E cmake_link_script CMakeFiles/cmTC_6b303.dir/link.txt --verbose=1
/usr/bin/cc      CMakeFiles/cmTC_6b303.dir/CheckSymbolExists.c.o  -o cmTC_6b303 
CMakeFiles/cmTC_6b303.dir/CheckSymbolExists.c.o: In function `main':
CheckSymbolExists.c:(.text+0x1b): undefined reference to `pthread_create'
collect2: error: ld returned 1 exit status
CMakeFiles/cmTC_6b303.dir/build.make:86: recipe for target 'cmTC_6b303' failed
make[2]: *** [cmTC_6b303] Error 1
make[2]: Leaving directory '/home/aaron/CLionProjects/interfaz_Procesos/cmake-build-debug/CMakeFiles/CMakeTmp'
Makefile:121: recipe for target 'cmTC_6b303/fast' failed
make[1]: *** [cmTC_6b303/fast] Error 2
make[1]: Leaving directory '/home/aaron/CLionProjects/interfaz_Procesos/cmake-build-debug/CMakeFiles/CMakeTmp'

File /home/aaron/CLionProjects/interfaz_Procesos/cmake-build-debug/CMakeFiles/CMakeTmp/CheckSymbolExists.c:
/* */
#include <pthread.h>

int main(int argc, char** argv)
{
  (void)argv;
#ifndef pthread_create
  return ((int*)(&pthread_create))[argc];
#else
  (void)argc;
  return 0;
#endif
}

Determining if the function pthread_create exists in the pthreads failed with the following output:
Change Dir: /home/aaron/CLionProjects/interfaz_Procesos/cmake-build-debug/CMakeFiles/CMakeTmp

Run Build Command:"/usr/bin/make" "cmTC_f05a8/fast"
make[1]: Entering directory '/home/aaron/CLionProjects/interfaz_Procesos/cmake-build-debug/CMakeFiles/CMakeTmp'
/usr/bin/make -f CMakeFiles/cmTC_f05a8.dir/build.make CMakeFiles/cmTC_f05a8.dir/build
make[2]: Entering directory '/home/aaron/CLionProjects/interfaz_Procesos/cmake-build-debug/CMakeFiles/CMakeTmp'
Building C object CMakeFiles/cmTC_f05a8.dir/CheckFunctionExists.c.o
/usr/bin/cc   -DCHECK_FUNCTION_EXISTS=pthread_create   -o CMakeFiles/cmTC_f05a8.dir/CheckFunctionExists.c.o   -c /snap/clion/67/bin/cmake/linux/share/cmake-3.13/Modules/CheckFunctionExists.c
Linking C executable cmTC_f05a8
/snap/clion/67/bin/cmake/linux/bin/cmake -E cmake_link_script CMakeFiles/cmTC_f05a8.dir/link.txt --verbose=1
/usr/bin/cc  -DCHECK_FUNCTION_EXISTS=pthread_create    CMakeFiles/cmTC_f05a8.dir/CheckFunctionExists.c.o  -o cmTC_f05a8 -lpthreads 
/usr/bin/ld: cannot find -lpthreads
collect2: error: ld returned 1 exit status
CMakeFiles/cmTC_f05a8.dir/build.make:86: recipe for target 'cmTC_f05a8' failed
make[2]: *** [cmTC_f05a8] Error 1
make[2]: Leaving directory '/home/aaron/CLionProjects/interfaz_Procesos/cmake-build-debug/CMakeFiles/CMakeTmp'
Makefile:121: recipe for target 'cmTC_f05a8/fast' failed
make[1]: *** [cmTC_f05a8/fast] Error 2
make[1]: Leaving directory '/home/aaron/CLionProjects/interfaz_Procesos/cmake-build-debug/CMakeFiles/CMakeTmp'


