Determining if the pthread_create exist failed with the following output:
Change Dir: /home/manuel/CLionProjects/fabricaVehiculos/cmake-build-debug/CMakeFiles/CMakeTmp

Run Build Command:"/usr/bin/make" "cmTC_d78a8/fast"
/usr/bin/make -f CMakeFiles/cmTC_d78a8.dir/build.make CMakeFiles/cmTC_d78a8.dir/build
make[1]: se entra en el directorio '/home/manuel/CLionProjects/fabricaVehiculos/cmake-build-debug/CMakeFiles/CMakeTmp'
Building C object CMakeFiles/cmTC_d78a8.dir/CheckSymbolExists.c.o
/usr/bin/cc    -o CMakeFiles/cmTC_d78a8.dir/CheckSymbolExists.c.o   -c /home/manuel/CLionProjects/fabricaVehiculos/cmake-build-debug/CMakeFiles/CMakeTmp/CheckSymbolExists.c
Linking C executable cmTC_d78a8
/opt/clion-2018.3.4/bin/cmake/linux/bin/cmake -E cmake_link_script CMakeFiles/cmTC_d78a8.dir/link.txt --verbose=1
/usr/bin/cc      CMakeFiles/cmTC_d78a8.dir/CheckSymbolExists.c.o  -o cmTC_d78a8 
CMakeFiles/cmTC_d78a8.dir/CheckSymbolExists.c.o: En la función `main':
CheckSymbolExists.c:(.text+0x1b): referencia a `pthread_create' sin definir
collect2: error: ld returned 1 exit status
CMakeFiles/cmTC_d78a8.dir/build.make:86: recipe for target 'cmTC_d78a8' failed
make[1]: *** [cmTC_d78a8] Error 1
make[1]: se sale del directorio '/home/manuel/CLionProjects/fabricaVehiculos/cmake-build-debug/CMakeFiles/CMakeTmp'
Makefile:121: recipe for target 'cmTC_d78a8/fast' failed
make: *** [cmTC_d78a8/fast] Error 2

File /home/manuel/CLionProjects/fabricaVehiculos/cmake-build-debug/CMakeFiles/CMakeTmp/CheckSymbolExists.c:
/* */
#include <pthread.h>

int main(int argc, char** argv)
{
  (void)argv;
#ifndef pthread_create
  return ((int*)(&pthread_create))[argc];
#else
  (void)argc;
  return 0;
#endif
}

Determining if the function pthread_create exists in the pthreads failed with the following output:
Change Dir: /home/manuel/CLionProjects/fabricaVehiculos/cmake-build-debug/CMakeFiles/CMakeTmp

Run Build Command:"/usr/bin/make" "cmTC_14efd/fast"
/usr/bin/make -f CMakeFiles/cmTC_14efd.dir/build.make CMakeFiles/cmTC_14efd.dir/build
make[1]: se entra en el directorio '/home/manuel/CLionProjects/fabricaVehiculos/cmake-build-debug/CMakeFiles/CMakeTmp'
Building C object CMakeFiles/cmTC_14efd.dir/CheckFunctionExists.c.o
/usr/bin/cc   -DCHECK_FUNCTION_EXISTS=pthread_create   -o CMakeFiles/cmTC_14efd.dir/CheckFunctionExists.c.o   -c /opt/clion-2018.3.4/bin/cmake/linux/share/cmake-3.13/Modules/CheckFunctionExists.c
Linking C executable cmTC_14efd
/opt/clion-2018.3.4/bin/cmake/linux/bin/cmake -E cmake_link_script CMakeFiles/cmTC_14efd.dir/link.txt --verbose=1
/usr/bin/cc  -DCHECK_FUNCTION_EXISTS=pthread_create    CMakeFiles/cmTC_14efd.dir/CheckFunctionExists.c.o  -o cmTC_14efd -lpthreads 
/usr/bin/ld: no se puede encontrar -lpthreads
collect2: error: ld returned 1 exit status
CMakeFiles/cmTC_14efd.dir/build.make:86: recipe for target 'cmTC_14efd' failed
make[1]: *** [cmTC_14efd] Error 1
make[1]: se sale del directorio '/home/manuel/CLionProjects/fabricaVehiculos/cmake-build-debug/CMakeFiles/CMakeTmp'
Makefile:121: recipe for target 'cmTC_14efd/fast' failed
make: *** [cmTC_14efd/fast] Error 2


